0 info it worked if it ends with ok
1 verbose cli [ 'node', '/usr/local/bin/npm', 'publish' ]
2 info using npm@2.11.3
3 info using node@v0.12.7
4 verbose publish [ '.' ]
5 silly cache add args [ '.', null ]
6 verbose cache add spec .
7 silly cache add parsed spec { raw: '.',
7 silly cache add   scope: null,
7 silly cache add   name: null,
7 silly cache add   rawSpec: '.',
7 silly cache add   spec: '/Users/panchishina/node/nearestneighbour',
7 silly cache add   type: 'directory' }
8 verbose addLocalDirectory /Users/panchishina/.npm/nearestneighbour/0.0.3/package.tgz not in flight; packing
9 verbose tar pack [ '/Users/panchishina/.npm/nearestneighbour/0.0.3/package.tgz',
9 verbose tar pack   '/Users/panchishina/node/nearestneighbour' ]
10 verbose tarball /Users/panchishina/.npm/nearestneighbour/0.0.3/package.tgz
11 verbose folder /Users/panchishina/node/nearestneighbour
12 info prepublish nearestneighbour@0.0.3
13 verbose addLocalTarball adding from inside cache /Users/panchishina/.npm/nearestneighbour/0.0.3/package.tgz
14 silly cache afterAdd nearestneighbour@0.0.3
15 verbose afterAdd /Users/panchishina/.npm/nearestneighbour/0.0.3/package/package.json not in flight; writing
16 verbose afterAdd /Users/panchishina/.npm/nearestneighbour/0.0.3/package/package.json written
17 silly publish { name: 'nearestneighbour',
17 silly publish   main: 'nearestneighbour.js',
17 silly publish   version: '0.0.3',
17 silly publish   description: 'a general purpose nearest neighbour framework, an A.I. tool useful for machine learning and outcome estimation',
17 silly publish   repository:
17 silly publish    { type: 'git',
17 silly publish      url: 'git+https://github.com/panchishin/nearestneighbour.git' },
17 silly publish   devDependencies: { expresso: '0.9.2' },
17 silly publish   scripts: { test: 'expresso test/*' },
17 silly publish   keywords: [ 'nearest', 'neighbour', 'neighbor', 'nn', 'knn', 'ai' ],
17 silly publish   author: { name: 'Anton Panchishin' },
17 silly publish   license: 'Unlicense',
17 silly publish   bugs: { url: 'https://github.com/panchishin/nearestneighbour/issues' },
17 silly publish   homepage: 'https://github.com/panchishin/nearestneighbour',
17 silly publish   readme: 'NearestNeighbour is a method of looking up best matches.\n\nSection Links : [Construction](#construction) , [Execution](#execution) , [Examples](#example) , [FAQ](#faq) , [Related](#related-ai-projects) , and [References](#references)\n\n# Construction\n\n### Create a NearestNeighbour\nCreate a default NearestNeighbour calculator from the constructor like so:\n```js\nvar nearestNeighbour = require(\'nearestneighbour\')()\n```\nSet the configuration options like so:\n```js\nvar config = {\n\tobjects : [ object1 , object2 , object3 ],\n\tnumber : 2\n}\n# in two steps\nvar nearestNeighbour = require(\'nearestneighbour\')()\nnearestNeighbour.config(config)\n\n# or as a one liner\nvar nearestNeighbour = require(\'nearestneighbour\')(config)\n```\n\n### Update Objects\nYou can change or add to the list of objects like so\n```js\nvar nearestNeighbour = require(\'nearestneighbour\')(config)\nnearestNeighbour.setObjects( [ object1 , object2 , object3 ] )\nnearestNeighbour.add( object4 )\n```\n\n# Execution\nExecution is a one liner and returns a list of nearest neighbours\n```js\nvar resultList = nearestNeighbour.nearest( searchObject )\n```\n\n# Configuration\nThe full configuration is as follows\n```js\nvar config = {\n\tobjects \t\t\t: [ /* list of objects */ ],\n\tnumber\t\t\t\t: theNumberOfResultsYouWant,\n\tdistanceFunction\t: yourDistanceFunction\n}\n```\n\n# Example\nThis is a very simple example that finds the object with the closest match.\n```js\nvar neighbour = require(\'nearestneighbour\')({ \n\tobjects : [ { a : -10 } , { a : 3 } ],\n\tnumber : 1\n})\nconsole.log( neighbour.nearest({ a : 1 })[0] )\n# returns { a : 3 }\nneighbour.add( { a : 2 } )\nconsole.log( neighbour.nearest({ a : 1 })[0] )\n# returns { a : 2 }\n```\n# FAQ\nEach object in *objects* can be any object you want but is must have at a minimum the same keys as the keys in the searchObject.  Additionally, the values of the keys in the searchObject and the objects must be *Numbers*.\n\n\n# Related AI Projects\nThis is part of a set of related projects.\n\n* [AlphaBeta](https://www.npmjs.com/package/alphabeta)\n* [GeneticAlgorithm](https://www.npmjs.com/package/geneticalgorithm)\n* [NearestNeighbour](https://www.npmjs.com/package/nearestneighbour)\n* [NeuralNet](https://www.npmjs.com/package/neuralnet)\n\n# References\n\n',
17 silly publish   readmeFilename: 'README.md',
17 silly publish   gitHead: '0c10026de6d4058342509d4d376af6aa15cfe4bd',
17 silly publish   _id: 'nearestneighbour@0.0.3',
17 silly publish   _shasum: '4bc72604fdf02a515cf09eb228e7e68e42d9f01a',
17 silly publish   _from: '.' }
18 verbose getPublishConfig undefined
19 silly mapToRegistry name nearestneighbour
20 silly mapToRegistry using default registry
21 silly mapToRegistry registry https://registry.npmjs.org/
22 silly mapToRegistry uri https://registry.npmjs.org/nearestneighbour
23 verbose publish registryBase https://registry.npmjs.org/
24 silly publish uploading /Users/panchishina/.npm/nearestneighbour/0.0.3/package.tgz
25 verbose request uri https://registry.npmjs.org/nearestneighbour
26 verbose request sending authorization for write operation
27 info attempt registry request try #1 at 10:05:58 AM
28 verbose request using bearer token for auth
29 verbose request id 16a9a0505d164485
30 http request PUT https://registry.npmjs.org/nearestneighbour
31 http 403 https://registry.npmjs.org/nearestneighbour
32 verbose headers { 'content-type': 'application/json',
32 verbose headers   'cache-control': 'max-age=60',
32 verbose headers   'content-length': '95',
32 verbose headers   'accept-ranges': 'bytes',
32 verbose headers   date: 'Tue, 01 Sep 2015 14:06:00 GMT',
32 verbose headers   via: '1.1 varnish',
32 verbose headers   connection: 'keep-alive',
32 verbose headers   'x-served-by': 'cache-dfw1828-DFW',
32 verbose headers   'x-cache': 'MISS',
32 verbose headers   'x-cache-hits': '0',
32 verbose headers   'x-timer': 'S1441116359.706113,VS0,VE742' }
33 verbose request invalidating /Users/panchishina/.npm/registry.npmjs.org/nearestneighbour on PUT
34 error publish Failed PUT 403
35 verbose stack Error: "You cannot publish over the previously published version 0.0.3." : nearestneighbour
35 verbose stack     at CachingRegistryClient.<anonymous> (/usr/local/lib/node_modules/npm/node_modules/npm-registry-client/lib/request.js:247:14)
35 verbose stack     at Request._callback (/usr/local/lib/node_modules/npm/node_modules/npm-registry-client/lib/request.js:170:14)
35 verbose stack     at Request.self.callback (/usr/local/lib/node_modules/npm/node_modules/request/request.js:354:22)
35 verbose stack     at Request.emit (events.js:110:17)
35 verbose stack     at Request.<anonymous> (/usr/local/lib/node_modules/npm/node_modules/request/request.js:1207:14)
35 verbose stack     at Request.emit (events.js:129:20)
35 verbose stack     at IncomingMessage.<anonymous> (/usr/local/lib/node_modules/npm/node_modules/request/request.js:1153:12)
35 verbose stack     at IncomingMessage.emit (events.js:129:20)
35 verbose stack     at _stream_readable.js:908:16
35 verbose stack     at process._tickCallback (node.js:355:11)
36 verbose statusCode 403
37 verbose pkgid nearestneighbour
38 verbose cwd /Users/panchishina/node/nearestneighbour
39 error Darwin 14.5.0
40 error argv "node" "/usr/local/bin/npm" "publish"
41 error node v0.12.7
42 error npm  v2.11.3
43 error code E403
44 error "You cannot publish over the previously published version 0.0.3." : nearestneighbour
45 error If you need help, you may report this error at:
45 error     <https://github.com/npm/npm/issues>
46 verbose exit [ 1, true ]
